TN:
SF:__tests__\datasets.ts
FNF:0
FNH:0
DA:2,1
DA:5,1
DA:19,1
LF:3
LH:3
BRF:0
BRH:0
end_of_record
TN:
SF:__tests__\test-helpers.ts
FNF:0
FNH:0
DA:1,1
DA:2,1
DA:4,1
LF:3
LH:3
BRF:0
BRH:0
end_of_record
TN:
SF:src\app.ts
FNF:0
FNH:0
DA:1,1
DA:2,1
DA:3,1
DA:4,1
DA:5,1
DA:7,1
DA:8,1
DA:9,1
DA:10,1
DA:11,1
LF:10
LH:10
BRF:0
BRH:0
end_of_record
TN:
SF:src\settings.ts
FNF:0
FNH:0
DA:1,1
DA:2,1
DA:3,1
LF:3
LH:3
BRDA:4,0,0,1
BRDA:4,0,1,0
BRF:2
BRH:1
end_of_record
TN:
SF:src\db\db.ts
FN:11,(anonymous_0)
FNF:1
FNH:1
FNDA:11,(anonymous_0)
DA:7,1
DA:11,1
DA:12,11
DA:13,3
DA:14,3
DA:17,8
LF:6
LH:6
BRDA:12,0,0,3
BRDA:17,1,0,8
BRDA:17,1,1,0
BRF:3
BRH:2
end_of_record
TN:
SF:src\input-output-types\video-types.ts
FN:1,(anonymous_0)
FNF:1
FNH:1
FNDA:1,(anonymous_0)
DA:1,1
DA:2,1
DA:3,1
DA:4,1
DA:5,1
DA:6,1
DA:7,1
DA:8,1
DA:9,1
LF:9
LH:9
BRDA:1,0,0,1
BRDA:1,0,1,1
BRF:2
BRH:2
end_of_record
TN:
SF:src\testing\deleteAllControllers.ts
FN:5,(anonymous_0)
FNF:1
FNH:0
FNDA:0,(anonymous_0)
DA:2,1
DA:5,1
DA:6,0
DA:7,0
LF:4
LH:2
BRF:0
BRH:0
end_of_record
TN:
SF:src\testing\index.ts
FNF:0
FNH:0
DA:1,1
DA:2,1
DA:4,1
DA:6,1
LF:4
LH:4
BRF:0
BRH:0
end_of_record
TN:
SF:src\videos\createVideoController.ts
FN:10,(anonymous_0)
FN:24,(anonymous_1)
FN:32,(anonymous_2)
FNF:3
FNH:3
FNDA:5,(anonymous_0)
FNDA:7,(anonymous_1)
FNDA:2,(anonymous_2)
DA:2,1
DA:6,1
DA:10,1
DA:11,5
DA:14,5
DA:15,0
DA:19,5
DA:20,0
DA:24,7
DA:25,2
DA:29,5
DA:32,1
DA:33,2
DA:34,2
DA:35,1
DA:38,1
DA:41,1
DA:49,1
DA:51,1
LF:19
LH:17
BRDA:14,0,0,0
BRDA:14,1,0,5
BRDA:14,1,1,5
BRDA:19,2,0,0
BRDA:19,3,0,5
BRDA:19,3,1,5
BRDA:24,4,0,2
BRDA:24,5,0,5
BRDA:24,5,1,5
BRDA:34,6,0,1
BRF:10
BRH:8
end_of_record
TN:
SF:src\videos\deleteVideoController.ts
FN:5,(anonymous_0)
FN:7,(anonymous_1)
FN:10,(anonymous_2)
FNF:3
FNH:3
FNDA:2,(anonymous_0)
FNDA:2,(anonymous_1)
FNDA:1,(anonymous_2)
DA:2,1
DA:5,1
DA:7,2
DA:9,2
DA:10,1
DA:11,1
DA:15,1
LF:7
LH:7
BRDA:9,0,0,1
BRDA:9,0,1,1
BRF:2
BRH:2
end_of_record
TN:
SF:src\videos\findVideoController.ts
FN:7,(anonymous_0)
FN:8,(anonymous_1)
FNF:2
FNH:2
FNDA:3,(anonymous_0)
FNDA:3,(anonymous_1)
DA:3,1
DA:7,1
DA:8,3
DA:10,3
DA:11,1
DA:14,1
DA:16,2
LF:7
LH:7
BRDA:10,0,0,1
BRF:1
BRH:1
end_of_record
TN:
SF:src\videos\getVideoController.ts
FN:5,(anonymous_0)
FNF:1
FNH:1
FNDA:2,(anonymous_0)
DA:2,1
DA:5,1
DA:6,2
LF:3
LH:3
BRF:0
BRH:0
end_of_record
TN:
SF:src\videos\index.ts
FNF:0
FNH:0
DA:1,1
DA:2,1
DA:3,1
DA:4,1
DA:5,1
DA:6,1
DA:8,1
DA:10,1
DA:11,1
DA:12,1
DA:13,1
DA:14,1
LF:12
LH:12
BRF:0
BRH:0
end_of_record
TN:
SF:src\videos\updateVideoController.ts
FN:9,(anonymous_0)
FN:17,(anonymous_1)
FNF:2
FNH:2
FNDA:3,(anonymous_0)
FNDA:2,(anonymous_1)
DA:2,1
DA:5,1
DA:9,1
DA:10,3
DA:11,3
DA:12,1
DA:15,1
DA:17,2
DA:18,2
DA:19,1
DA:20,1
DA:21,1
DA:22,1
DA:23,1
DA:24,1
DA:25,1
DA:30,2
LF:17
LH:17
BRDA:11,0,0,1
BRDA:18,1,0,1
BRF:2
BRH:2
end_of_record
